E:\PROJECTS\DM-SHADER-VIS\DEBUG\ANG2PIX_RING.OBJ
E:\PROJECTS\DM-SHADER-VIS\DEBUG\BUFFERS.OBJ
E:\Projects\dm-shader-vis\Debug\cl.command.1.tlog
E:\Projects\dm-shader-vis\Debug\CL.read.1.tlog
E:\Projects\dm-shader-vis\Debug\CL.write.1.tlog
E:\PROJECTS\DM-SHADER-VIS\DEBUG\DATAREADER.OBJ
E:\PROJECTS\DM-SHADER-VIS\DEBUG\DM-SHADER-VIS.EXE
E:\PROJECTS\DM-SHADER-VIS\DEBUG\DM-SHADER-VIS.EXE.INTERMEDIATE.MANIFEST
E:\PROJECTS\DM-SHADER-VIS\DEBUG\DM-SHADER-VIS.ILK
E:\PROJECTS\DM-SHADER-VIS\DEBUG\DM-SHADER-VIS.PDB
E:\PROJECTS\DM-SHADER-VIS\DEBUG\GETTIME.OBJ
E:\Projects\dm-shader-vis\Debug\link.command.1.tlog
E:\Projects\dm-shader-vis\Debug\link.read.1.tlog
E:\Projects\dm-shader-vis\Debug\link.write.1.tlog
E:\PROJECTS\DM-SHADER-VIS\DEBUG\MAIN.OBJ
E:\Projects\dm-shader-vis\Debug\mt.command.1.tlog
E:\Projects\dm-shader-vis\Debug\mt.read.1.tlog
E:\Projects\dm-shader-vis\Debug\mt.write.1.tlog
E:\PROJECTS\DM-SHADER-VIS\DEBUG\PARAMETER.OBJ
E:\PROJECTS\DM-SHADER-VIS\DEBUG\PIX2ANG_RING.OBJ
E:\PROJECTS\DM-SHADER-VIS\DEBUG\RENDER.OBJ
E:\PROJECTS\DM-SHADER-VIS\DEBUG\SHADERMANAGER.OBJ
E:\PROJECTS\DM-SHADER-VIS\DEBUG\SHADERS.OBJ
E:\Projects\dm-shader-vis\Debug\vc100.idb
E:\PROJECTS\DM-SHADER-VIS\DEBUG\VC100.PDB
