E:\Projects\dm-shader-vis\\dm-shader-vis.exe
E:\Projects\dm-shader-vis\\dm-shader-vis.pdb
E:\PROJECTS\DM-SHADER-VIS\DM-SHADER-VIS.EXE
E:\PROJECTS\DM-SHADER-VIS\DM-SHADER-VIS.PDB
E:\PROJECTS\DM-SHADER-VIS\RELEASE\ANG2PIX_RING.OBJ
E:\PROJECTS\DM-SHADER-VIS\RELEASE\BUFFERS.OBJ
E:\Projects\dm-shader-vis\Release\cl.command.1.tlog
E:\Projects\dm-shader-vis\Release\CL.read.1.tlog
E:\Projects\dm-shader-vis\Release\CL.write.1.tlog
E:\PROJECTS\DM-SHADER-VIS\RELEASE\DATAREADER.OBJ
E:\PROJECTS\DM-SHADER-VIS\RELEASE\DM-SHADER-VIS.EXE.INTERMEDIATE.MANIFEST
E:\PROJECTS\DM-SHADER-VIS\RELEASE\GETTIME.OBJ
E:\Projects\dm-shader-vis\Release\link.command.1.tlog
E:\Projects\dm-shader-vis\Release\link.read.1.tlog
E:\Projects\dm-shader-vis\Release\link.write.1.tlog
E:\PROJECTS\DM-SHADER-VIS\RELEASE\MAIN.OBJ
E:\Projects\dm-shader-vis\Release\mt.command.1.tlog
E:\Projects\dm-shader-vis\Release\mt.read.1.tlog
E:\Projects\dm-shader-vis\Release\mt.write.1.tlog
E:\PROJECTS\DM-SHADER-VIS\RELEASE\PARAMETER.OBJ
E:\PROJECTS\DM-SHADER-VIS\RELEASE\PIX2ANG_RING.OBJ
E:\PROJECTS\DM-SHADER-VIS\RELEASE\RENDER.OBJ
E:\PROJECTS\DM-SHADER-VIS\RELEASE\SHADERMANAGER.OBJ
E:\PROJECTS\DM-SHADER-VIS\RELEASE\SHADERS.OBJ
E:\PROJECTS\DM-SHADER-VIS\RELEASE\VC100.PDB
